<?xml version="1.0" encoding="UTF-8"?>
<!-- Generated by org.testng.reporters.JUnitReportReporter -->
<testsuite hostname="DESKTOP-NI7S81B" failures="0" tests="1" name="com.crm.qa.testcases.TaskPageTest" time="67.625" errors="0" timestamp="2023-01-09T10:30:20 IST" skipped="0">
  <testcase classname="com.crm.qa.testcases.TaskPageTest" name="searchCustmerByNameTest" time="67.625"/>
  <system-out/>
</testsuite> <!-- com.crm.qa.testcases.TaskPageTest -->
